# JRE version: Java(TM) SE Runtime Environment 18.9 (11.0.7+8) (build 11.0.7+8-LTS)
# Java VM: Java HotSpot(TM) 64-Bit Server VM 18.9 (11.0.7+8-LTS, mixed mode, tiered, compressed oops, parallel gc, linux-amd64)
Heap:
 PSYoungGen      total 12288K, used 11480K [0x00000000eab00000, 0x00000000eb780000, 0x0000000100000000)
  eden space 11264K, 99% used [0x00000000eab00000,0x00000000eb5fe118,0x00000000eb600000)
  from space 1024K, 21% used [0x00000000eb600000,0x00000000eb638000,0x00000000eb700000)
  to   space 512K, 93% used [0x00000000eb700000,0x00000000eb778020,0x00000000eb780000)
 ParOldGen       total 68608K, used 68249K [0x00000000c0000000, 0x00000000c4300000, 0x00000000eab00000)
  object space 68608K, 99% used [0x00000000c0000000,0x00000000c42a6730,0x00000000c4300000)
 Metaspace       used 48464K, capacity 50481K, committed 50816K, reserved 1095680K
  class space    used 4250K, capacity 4992K, committed 4992K, reserved 1048576K
GC Heap History (10 events):
Event: 15893.238 GC heap after
{Heap after GC invocations=93 (full 2):
 PSYoungGen      total 12288K, used 576K [0x00000000eab00000, 0x00000000eb800000, 0x0000000100000000)
  eden space 11264K, 0% used [0x00000000eab00000,0x00000000eab00000,0x00000000eb600000)
  from space 1024K, 56% used [0x00000000eb600000,0x00000000eb690000,0x00000000eb700000)
  to   space 1024K, 0% used [0x00000000eb700000,0x00000000eb700000,0x00000000eb800000)
 ParOldGen       total 68608K, used 66744K [0x00000000c0000000, 0x00000000c4300000, 0x00000000eab00000)
  object space 68608K, 97% used [0x00000000c0000000,0x00000000c412e220,0x00000000c4300000)
 Metaspace       used 48324K, capacity 50349K, committed 50816K, reserved 1095680K
  class space    used 4250K, capacity 4992K, committed 4992K, reserved 1048576K
}
Event: 15894.734 GC heap before
{Heap before GC invocations=94 (full 2):
 PSYoungGen      total 12288K, used 11839K [0x00000000eab00000, 0x00000000eb800000, 0x0000000100000000)
  eden space 11264K, 99% used [0x00000000eab00000,0x00000000eb5ffff8,0x00000000eb600000)
  from space 1024K, 56% used [0x00000000eb600000,0x00000000eb690000,0x00000000eb700000)
  to   space 1024K, 0% used [0x00000000eb700000,0x00000000eb700000,0x00000000eb800000)
 ParOldGen       total 68608K, used 66744K [0x00000000c0000000, 0x00000000c4300000, 0x00000000eab00000)
  object space 68608K, 97% used [0x00000000c0000000,0x00000000c412e220,0x00000000c4300000)
 Metaspace       used 48340K, capacity 50349K, committed 50816K, reserved 1095680K
  class space    used 4250K, capacity 4992K, committed 4992K, reserved 1048576K
}
Event: 15894.737 GC heap after
{Heap after GC invocations=94 (full 2):
 PSYoungGen      total 12288K, used 576K [0x00000000eab00000, 0x00000000eb800000, 0x0000000100000000)
  eden space 11264K, 0% used [0x00000000eab00000,0x00000000eab00000,0x00000000eb600000)
  from space 1024K, 56% used [0x00000000eb700000,0x00000000eb790010,0x00000000eb800000)
  to   space 1024K, 0% used [0x00000000eb600000,0x00000000eb600000,0x00000000eb700000)
 ParOldGen       total 68608K, used 66792K [0x00000000c0000000, 0x00000000c4300000, 0x00000000eab00000)
  object space 68608K, 97% used [0x00000000c0000000,0x00000000c413a220,0x00000000c4300000)
 Metaspace       used 48340K, capacity 50349K, committed 50816K, reserved 1095680K
  class space    used 4250K, capacity 4992K, committed 4992K, reserved 1048576K
}
Event: 15898.091 GC heap before
{Heap before GC invocations=95 (full 2):
 PSYoungGen      total 12288K, used 11840K [0x00000000eab00000, 0x00000000eb800000, 0x0000000100000000)
  eden space 11264K, 100% used [0x00000000eab00000,0x00000000eb600000,0x00000000eb600000)
  from space 1024K, 56% used [0x00000000eb700000,0x00000000eb790010,0x00000000eb800000)
  to   space 1024K, 0% used [0x00000000eb600000,0x00000000eb600000,0x00000000eb700000)
 ParOldGen       total 68608K, used 66792K [0x00000000c0000000, 0x00000000c4300000, 0x00000000eab00000)
  object space 68608K, 97% used [0x00000000c0000000,0x00000000c413a220,0x00000000c4300000)
 Metaspace       used 48371K, capacity 50350K, committed 50816K, reserved 1095680K
  class space    used 4250K, capacity 4992K, committed 4992K, reserved 1048576K
}
Event: 15898.098 GC heap after
{Heap after GC invocations=95 (full 2):
 PSYoungGen      total 12288K, used 848K [0x00000000eab00000, 0x00000000eb800000, 0x0000000100000000)
  eden space 11264K, 0% used [0x00000000eab00000,0x00000000eab00000,0x00000000eb600000)
  from space 1024K, 82% used [0x00000000eb600000,0x00000000eb6d4010,0x00000000eb700000)
  to   space 1024K, 0% used [0x00000000eb700000,0x00000000eb700000,0x00000000eb800000)
 ParOldGen       total 68608K, used 66856K [0x00000000c0000000, 0x00000000c4300000, 0x00000000eab00000)
  object space 68608K, 97% used [0x00000000c0000000,0x00000000c414a230,0x00000000c4300000)
 Metaspace       used 48371K, capacity 50350K, committed 50816K, reserved 1095680K
  class space    used 4250K, capacity 4992K, committed 4992K, reserved 1048576K
}
Event: 15907.230 GC heap before
{Heap before GC invocations=96 (full 2):
 PSYoungGen      total 12288K, used 12112K [0x00000000eab00000, 0x00000000eb800000, 0x0000000100000000)
  eden space 11264K, 100% used [0x00000000eab00000,0x00000000eb600000,0x00000000eb600000)
  from space 1024K, 82% used [0x00000000eb600000,0x00000000eb6d4010,0x00000000eb700000)
  to   space 1024K, 0% used [0x00000000eb700000,0x00000000eb700000,0x00000000eb800000)
 ParOldGen       total 68608K, used 66856K [0x00000000c0000000, 0x00000000c4300000, 0x00000000eab00000)
  object space 68608K, 97% used [0x00000000c0000000,0x00000000c414a230,0x00000000c4300000)
 Metaspace       used 48408K, capacity 50416K, committed 50816K, reserved 1095680K
  class space    used 4250K, capacity 4992K, committed 4992K, reserved 1048576K
}
Event: 15907.236 GC heap after
{Heap after GC invocations=96 (full 2):
 PSYoungGen      total 12288K, used 640K [0x00000000eab00000, 0x00000000eb800000, 0x0000000100000000)
  eden space 11264K, 0% used [0x00000000eab00000,0x00000000eab00000,0x00000000eb600000)
  from space 1024K, 62% used [0x00000000eb700000,0x00000000eb7a0000,0x00000000eb800000)
  to   space 1024K, 0% used [0x00000000eb600000,0x00000000eb600000,0x00000000eb700000)
 ParOldGen       total 68608K, used 67617K [0x00000000c0000000, 0x00000000c4300000, 0x00000000eab00000)
  object space 68608K, 98% used [0x00000000c0000000,0x00000000c4208710,0x00000000c4300000)
 Metaspace       used 48408K, capacity 50416K, committed 50816K, reserved 1095680K
  class space    used 4250K, capacity 4992K, committed 4992K, reserved 1048576K
}
Event: 16622.378 GC heap before
{Heap before GC invocations=97 (full 2):
 PSYoungGen      total 12288K, used 11903K [0x00000000eab00000, 0x00000000eb800000, 0x0000000100000000)
  eden space 11264K, 99% used [0x00000000eab00000,0x00000000eb5fffe0,0x00000000eb600000)
  from space 1024K, 62% used [0x00000000eb700000,0x00000000eb7a0000,0x00000000eb800000)
  to   space 1024K, 0% used [0x00000000eb600000,0x00000000eb600000,0x00000000eb700000)
 ParOldGen       total 68608K, used 67617K [0x00000000c0000000, 0x00000000c4300000, 0x00000000eab00000)
  object space 68608K, 98% used [0x00000000c0000000,0x00000000c4208710,0x00000000c4300000)
 Metaspace       used 48432K, capacity 50481K, committed 50816K, reserved 1095680K
  class space    used 4250K, capacity 4992K, committed 4992K, reserved 1048576K
}
Event: 16622.383 GC heap after
{Heap after GC invocations=97 (full 2):
 PSYoungGen      total 12288K, used 224K [0x00000000eab00000, 0x00000000eb780000, 0x0000000100000000)
  eden space 11264K, 0% used [0x00000000eab00000,0x00000000eab00000,0x00000000eb600000)
  from space 1024K, 21% used [0x00000000eb600000,0x00000000eb638000,0x00000000eb700000)
  to   space 512K, 0% used [0x00000000eb700000,0x00000000eb700000,0x00000000eb780000)
 ParOldGen       total 68608K, used 67681K [0x00000000c0000000, 0x00000000c4300000, 0x00000000eab00000)
  object space 68608K, 98% used [0x00000000c0000000,0x00000000c4218710,0x00000000c4300000)
 Metaspace       used 48432K, capacity 50481K, committed 50816K, reserved 1095680K
  class space    used 4250K, capacity 4992K, committed 4992K, reserved 1048576K
}
Event: 17072.633 GC heap before
{Heap before GC invocations=98 (full 2):
 PSYoungGen      total 12288K, used 11480K [0x00000000eab00000, 0x00000000eb780000, 0x0000000100000000)
  eden space 11264K, 99% used [0x00000000eab00000,0x00000000eb5fe118,0x00000000eb600000)
  from space 1024K, 21% used [0x00000000eb600000,0x00000000eb638000,0x00000000eb700000)
  to   space 512K, 0% used [0x00000000eb700000,0x00000000eb700000,0x00000000eb780000)
 ParOldGen       total 68608K, used 67681K [0x00000000c0000000, 0x00000000c4300000, 0x00000000eab00000)
  object space 68608K, 98% used [0x00000000c0000000,0x00000000c4218710,0x00000000c4300000)
 Metaspace       used 48464K, capacity 50481K, committed 50816K, reserved 1095680K
  class space    used 4250K, capacity 4992K, committed 4992K, reserved 1048576K
}

