# JRE version: Java(TM) SE Runtime Environment 18.9 (11.0.7+8) (build 11.0.7+8-LTS)
# Java VM: Java HotSpot(TM) 64-Bit Server VM 18.9 (11.0.7+8-LTS, mixed mode, tiered, compressed oops, g1 gc, linux-amd64)
Heap:
 garbage-first heap   total 524288K, used 382069K [0x00000000e0000000, 0x0000000100000000)
  region size 1024K, 131 young (134144K), 8 survivors (8192K)
 Metaspace       used 177161K, capacity 185534K, committed 185600K, reserved 415744K
  class space    used 21503K, capacity 24576K, committed 24576K, reserved 253952K
GC Heap History (10 events):
Event: 22877.962 GC heap before
{Heap before GC invocations=473 (full 1):
 garbage-first heap   total 524288K, used 265155K [0x00000000e0000000, 0x0000000100000000)
  region size 1024K, 25 young (25600K), 21 survivors (21504K)
 Metaspace       used 176818K, capacity 185114K, committed 185344K, reserved 415744K
  class space    used 21476K, capacity 24526K, committed 24576K, reserved 253952K
}
Event: 22878.008 GC heap after
{Heap after GC invocations=474 (full 1):
 garbage-first heap   total 524288K, used 247087K [0x00000000e0000000, 0x0000000100000000)
  region size 1024K, 3 young (3072K), 3 survivors (3072K)
 Metaspace       used 176818K, capacity 185114K, committed 185344K, reserved 415744K
  class space    used 21476K, capacity 24526K, committed 24576K, reserved 253952K
}
Event: 22878.308 GC heap before
{Heap before GC invocations=474 (full 1):
 garbage-first heap   total 524288K, used 262447K [0x00000000e0000000, 0x0000000100000000)
  region size 1024K, 20 young (20480K), 3 survivors (3072K)
 Metaspace       used 176828K, capacity 185114K, committed 185344K, reserved 415744K
  class space    used 21476K, capacity 24526K, committed 24576K, reserved 253952K
}
Event: 22878.337 GC heap after
{Heap after GC invocations=475 (full 1):
 garbage-first heap   total 524288K, used 246435K [0x00000000e0000000, 0x0000000100000000)
  region size 1024K, 2 young (2048K), 2 survivors (2048K)
 Metaspace       used 176828K, capacity 185114K, committed 185344K, reserved 415744K
  class space    used 21476K, capacity 24526K, committed 24576K, reserved 253952K
}
Event: 22903.331 GC heap before
{Heap before GC invocations=476 (full 1):
 garbage-first heap   total 524288K, used 428707K [0x00000000e0000000, 0x0000000100000000)
  region size 1024K, 177 young (181248K), 2 survivors (2048K)
 Metaspace       used 177055K, capacity 185422K, committed 185600K, reserved 415744K
  class space    used 21501K, capacity 24572K, committed 24576K, reserved 253952K
}
Event: 22903.348 GC heap after
{Heap after GC invocations=477 (full 1):
 garbage-first heap   total 524288K, used 264232K [0x00000000e0000000, 0x0000000100000000)
  region size 1024K, 18 young (18432K), 18 survivors (18432K)
 Metaspace       used 177055K, capacity 185422K, committed 185600K, reserved 415744K
  class space    used 21501K, capacity 24572K, committed 24576K, reserved 253952K
}
Event: 22903.365 GC heap before
{Heap before GC invocations=477 (full 1):
 garbage-first heap   total 524288K, used 271400K [0x00000000e0000000, 0x0000000100000000)
  region size 1024K, 25 young (25600K), 18 survivors (18432K)
 Metaspace       used 177056K, capacity 185422K, committed 185600K, reserved 415744K
  class space    used 21501K, capacity 24572K, committed 24576K, reserved 253952K
}
Event: 22903.395 GC heap after
{Heap after GC invocations=478 (full 1):
 garbage-first heap   total 524288K, used 241206K [0x00000000e0000000, 0x0000000100000000)
  region size 1024K, 2 young (2048K), 2 survivors (2048K)
 Metaspace       used 177056K, capacity 185422K, committed 185600K, reserved 415744K
  class space    used 21501K, capacity 24572K, committed 24576K, reserved 253952K
}
Event: 22903.888 GC heap before
{Heap before GC invocations=478 (full 1):
 garbage-first heap   total 524288K, used 394806K [0x00000000e0000000, 0x0000000100000000)
  region size 1024K, 154 young (157696K), 2 survivors (2048K)
 Metaspace       used 177078K, capacity 185447K, committed 185600K, reserved 415744K
  class space    used 21503K, capacity 24576K, committed 24576K, reserved 253952K
}
Event: 22903.901 GC heap after
{Heap after GC invocations=479 (full 1):
 garbage-first heap   total 524288K, used 246901K [0x00000000e0000000, 0x0000000100000000)
  region size 1024K, 8 young (8192K), 8 survivors (8192K)
 Metaspace       used 177078K, capacity 185447K, committed 185600K, reserved 415744K
  class space    used 21503K, capacity 24576K, committed 24576K, reserved 253952K
}

