# JRE version: Java(TM) SE Runtime Environment 18.9 (11.0.7+8) (build 11.0.7+8-LTS)
# Java VM: Java HotSpot(TM) 64-Bit Server VM 18.9 (11.0.7+8-LTS, mixed mode, tiered, compressed oops, g1 gc, linux-amd64)
Heap:
 garbage-first heap   total 352256K, used 170307K [0x00000000e0000000, 0x0000000100000000)
  region size 1024K, 5 young (5120K), 3 survivors (3072K)
 Metaspace       used 153021K, capacity 159373K, committed 160420K, reserved 395264K
  class space    used 17978K, capacity 20399K, committed 20736K, reserved 253952K
GC Heap History (10 events):
Event: 64158.554 GC heap before
{Heap before GC invocations=577 (full 1):
 garbage-first heap   total 352256K, used 180204K [0x00000000e0000000, 0x0000000100000000)
  region size 1024K, 17 young (17408K), 4 survivors (4096K)
 Metaspace       used 152965K, capacity 159309K, committed 160420K, reserved 395264K
  class space    used 17960K, capacity 20356K, committed 20736K, reserved 253952K
}
Event: 64158.640 GC heap after
{Heap after GC invocations=578 (full 1):
 garbage-first heap   total 352256K, used 160106K [0x00000000e0000000, 0x0000000100000000)
  region size 1024K, 3 young (3072K), 3 survivors (3072K)
 Metaspace       used 152965K, capacity 159309K, committed 160420K, reserved 395264K
  class space    used 17960K, capacity 20356K, committed 20736K, reserved 253952K
}
Event: 64159.503 GC heap before
{Heap before GC invocations=578 (full 1):
 garbage-first heap   total 352256K, used 174442K [0x00000000e0000000, 0x0000000100000000)
  region size 1024K, 17 young (17408K), 3 survivors (3072K)
 Metaspace       used 153053K, capacity 159413K, committed 160420K, reserved 395264K
  class space    used 17984K, capacity 20390K, committed 20736K, reserved 253952K
}
Event: 64159.903 GC heap after
{Heap after GC invocations=579 (full 1):
 garbage-first heap   total 352256K, used 162824K [0x00000000e0000000, 0x0000000100000000)
  region size 1024K, 3 young (3072K), 3 survivors (3072K)
 Metaspace       used 153053K, capacity 159413K, committed 160420K, reserved 395264K
  class space    used 17984K, capacity 20390K, committed 20736K, reserved 253952K
}
Event: 64163.365 GC heap before
{Heap before GC invocations=579 (full 1):
 garbage-first heap   total 352256K, used 174088K [0x00000000e0000000, 0x0000000100000000)
  region size 1024K, 17 young (17408K), 3 survivors (3072K)
 Metaspace       used 152963K, capacity 159263K, committed 160420K, reserved 395264K
  class space    used 17967K, capacity 20351K, committed 20736K, reserved 253952K
}
Event: 64163.421 GC heap after
{Heap after GC invocations=580 (full 1):
 garbage-first heap   total 352256K, used 162788K [0x00000000e0000000, 0x0000000100000000)
  region size 1024K, 3 young (3072K), 3 survivors (3072K)
 Metaspace       used 152963K, capacity 159263K, committed 160420K, reserved 395264K
  class space    used 17967K, capacity 20351K, committed 20736K, reserved 253952K
}
Event: 64164.719 GC heap before
{Heap before GC invocations=581 (full 1):
 garbage-first heap   total 352256K, used 201700K [0x00000000e0000000, 0x0000000100000000)
  region size 1024K, 41 young (41984K), 3 survivors (3072K)
 Metaspace       used 152995K, capacity 159334K, committed 160420K, reserved 395264K
  class space    used 17974K, capacity 20392K, committed 20736K, reserved 253952K
}
Event: 64164.783 GC heap after
{Heap after GC invocations=582 (full 1):
 garbage-first heap   total 352256K, used 174638K [0x00000000e0000000, 0x0000000100000000)
  region size 1024K, 6 young (6144K), 6 survivors (6144K)
 Metaspace       used 152995K, capacity 159334K, committed 160420K, reserved 395264K
  class space    used 17974K, capacity 20392K, committed 20736K, reserved 253952K
}
Event: 64165.015 GC heap before
{Heap before GC invocations=582 (full 1):
 garbage-first heap   total 352256K, used 185902K [0x00000000e0000000, 0x0000000100000000)
  region size 1024K, 17 young (17408K), 6 survivors (6144K)
 Metaspace       used 153016K, capacity 159367K, committed 160420K, reserved 395264K
  class space    used 17978K, capacity 20398K, committed 20736K, reserved 253952K
}
Event: 64165.039 GC heap after
{Heap after GC invocations=583 (full 1):
 garbage-first heap   total 352256K, used 169283K [0x00000000e0000000, 0x0000000100000000)
  region size 1024K, 3 young (3072K), 3 survivors (3072K)
 Metaspace       used 153016K, capacity 159367K, committed 160420K, reserved 395264K
  class space    used 17978K, capacity 20398K, committed 20736K, reserved 253952K
}

