# JRE version: Java(TM) SE Runtime Environment 18.9 (11.0.7+8) (build 11.0.7+8-LTS)
# Java VM: Java HotSpot(TM) 64-Bit Server VM 18.9 (11.0.7+8-LTS, mixed mode, tiered, compressed oops, g1 gc, linux-amd64)
Heap:
 garbage-first heap   total 310272K, used 178991K [0x00000000e0000000, 0x0000000100000000)
  region size 1024K, 47 young (48128K), 7 survivors (7168K)
 Metaspace       used 128045K, capacity 132216K, committed 133504K, reserved 370688K
  class space    used 15385K, capacity 16989K, committed 17280K, reserved 253952K
GC Heap History (10 events):
Event: 13512.318 GC heap before
{Heap before GC invocations=120 (full 0):
 garbage-first heap   total 310272K, used 168960K [0x00000000e0000000, 0x0000000100000000)
  region size 1024K, 5 young (5120K), 2 survivors (2048K)
 Metaspace       used 125145K, capacity 129515K, committed 129536K, reserved 366592K
  class space    used 15198K, capacity 16882K, committed 16896K, reserved 253952K
}
Event: 13512.323 GC heap after
{Heap after GC invocations=121 (full 0):
 garbage-first heap   total 310272K, used 168752K [0x00000000e0000000, 0x0000000100000000)
  region size 1024K, 3 young (3072K), 3 survivors (3072K)
 Metaspace       used 125145K, capacity 129515K, committed 129536K, reserved 366592K
  class space    used 15198K, capacity 16882K, committed 16896K, reserved 253952K
}
Event: 14646.894 GC heap before
{Heap before GC invocations=122 (full 0):
 garbage-first heap   total 310272K, used 304944K [0x00000000e0000000, 0x0000000100000000)
  region size 1024K, 50 young (51200K), 3 survivors (3072K)
 Metaspace       used 125249K, capacity 129673K, committed 129792K, reserved 368640K
  class space    used 15199K, capacity 16883K, committed 16896K, reserved 253952K
}
Event: 14646.955 GC heap after
{Heap after GC invocations=123 (full 0):
 garbage-first heap   total 310272K, used 167060K [0x00000000e0000000, 0x0000000100000000)
  region size 1024K, 3 young (3072K), 3 survivors (3072K)
 Metaspace       used 125249K, capacity 129673K, committed 129792K, reserved 368640K
  class space    used 15199K, capacity 16883K, committed 16896K, reserved 253952K
}
Event: 15191.021 GC heap before
{Heap before GC invocations=123 (full 0):
 garbage-first heap   total 310272K, used 178324K [0x00000000e0000000, 0x0000000100000000)
  region size 1024K, 15 young (15360K), 3 survivors (3072K)
 Metaspace       used 125249K, capacity 129673K, committed 129792K, reserved 368640K
  class space    used 15199K, capacity 16883K, committed 16896K, reserved 253952K
}
Event: 15191.067 GC heap after
{Heap after GC invocations=124 (full 0):
 garbage-first heap   total 310272K, used 140877K [0x00000000e0000000, 0x0000000100000000)
  region size 1024K, 1 young (1024K), 1 survivors (1024K)
 Metaspace       used 125249K, capacity 129673K, committed 129792K, reserved 368640K
  class space    used 15199K, capacity 16883K, committed 16896K, reserved 253952K
}
Event: 15831.005 GC heap before
{Heap before GC invocations=124 (full 0):
 garbage-first heap   total 310272K, used 154189K [0x00000000e0000000, 0x0000000100000000)
  region size 1024K, 15 young (15360K), 1 survivors (1024K)
 Metaspace       used 125249K, capacity 129673K, committed 129792K, reserved 368640K
  class space    used 15199K, capacity 16883K, committed 16896K, reserved 253952K
}
Event: 15831.055 GC heap after
{Heap after GC invocations=125 (full 0):
 garbage-first heap   total 310272K, used 136653K [0x00000000e0000000, 0x0000000100000000)
  region size 1024K, 1 young (1024K), 1 survivors (1024K)
 Metaspace       used 125249K, capacity 129673K, committed 129792K, reserved 368640K
  class space    used 15199K, capacity 16883K, committed 16896K, reserved 253952K
}
Event: 16965.199 GC heap before
{Heap before GC invocations=125 (full 0):
 garbage-first heap   total 310272K, used 208333K [0x00000000e0000000, 0x0000000100000000)
  region size 1024K, 71 young (72704K), 1 survivors (1024K)
 Metaspace       used 125360K, capacity 129801K, committed 130176K, reserved 368640K
  class space    used 15207K, capacity 16897K, committed 17024K, reserved 253952K
}
Event: 16965.230 GC heap after
{Heap after GC invocations=126 (full 0):
 garbage-first heap   total 310272K, used 143151K [0x00000000e0000000, 0x0000000100000000)
  region size 1024K, 7 young (7168K), 7 survivors (7168K)
 Metaspace       used 125360K, capacity 129801K, committed 130176K, reserved 368640K
  class space    used 15207K, capacity 16897K, committed 17024K, reserved 253952K
}

