# JRE version: Java(TM) SE Runtime Environment 18.9 (11.0.7+8) (build 11.0.7+8-LTS)
# Java VM: Java HotSpot(TM) 64-Bit Server VM 18.9 (11.0.7+8-LTS, mixed mode, tiered, compressed oops, g1 gc, linux-amd64)
Heap:
 garbage-first heap   total 262144K, used 163424K [0x00000000e0000000, 0x0000000100000000)
  region size 1024K, 23 young (23552K), 6 survivors (6144K)
 Metaspace       used 91661K, capacity 96262K, committed 96384K, reserved 337920K
  class space    used 11420K, capacity 13086K, committed 13184K, reserved 253952K
GC Heap History (10 events):
Event: 7644.283 GC heap before
{Heap before GC invocations=77 (full 0):
 garbage-first heap   total 262144K, used 132987K [0x00000000e0000000, 0x0000000100000000)
  region size 1024K, 12 young (12288K), 2 survivors (2048K)
 Metaspace       used 91087K, capacity 95506K, committed 95744K, reserved 337920K
  class space    used 11379K, capacity 13011K, committed 13056K, reserved 253952K
}
Event: 7644.299 GC heap after
{Heap after GC invocations=78 (full 0):
 garbage-first heap   total 262144K, used 123097K [0x00000000e0000000, 0x0000000100000000)
  region size 1024K, 2 young (2048K), 2 survivors (2048K)
 Metaspace       used 91087K, capacity 95506K, committed 95744K, reserved 337920K
  class space    used 11379K, capacity 13011K, committed 13056K, reserved 253952K
}
Event: 7645.848 GC heap before
{Heap before GC invocations=78 (full 0):
 garbage-first heap   total 262144K, used 174297K [0x00000000e0000000, 0x0000000100000000)
  region size 1024K, 52 young (53248K), 2 survivors (2048K)
 Metaspace       used 91372K, capacity 95813K, committed 96128K, reserved 337920K
  class space    used 11408K, capacity 13065K, committed 13184K, reserved 253952K
}
Event: 7645.897 GC heap after
{Heap after GC invocations=79 (full 0):
 garbage-first heap   total 262144K, used 135660K [0x00000000e0000000, 0x0000000100000000)
  region size 1024K, 7 young (7168K), 7 survivors (7168K)
 Metaspace       used 91372K, capacity 95813K, committed 96128K, reserved 337920K
  class space    used 11408K, capacity 13065K, committed 13184K, reserved 253952K
}
Event: 7646.255 GC heap before
{Heap before GC invocations=80 (full 0):
 garbage-first heap   total 262144K, used 175596K [0x00000000e0000000, 0x0000000100000000)
  region size 1024K, 46 young (47104K), 7 survivors (7168K)
 Metaspace       used 91501K, capacity 96032K, committed 96384K, reserved 337920K
  class space    used 11417K, capacity 13081K, committed 13184K, reserved 253952K
}
Event: 7646.281 GC heap after
{Heap after GC invocations=81 (full 0):
 garbage-first heap   total 262144K, used 148227K [0x00000000e0000000, 0x0000000100000000)
  region size 1024K, 6 young (6144K), 6 survivors (6144K)
 Metaspace       used 91501K, capacity 96032K, committed 96384K, reserved 337920K
  class space    used 11417K, capacity 13081K, committed 13184K, reserved 253952K
}
Event: 7646.307 GC heap before
{Heap before GC invocations=81 (full 0):
 garbage-first heap   total 262144K, used 154371K [0x00000000e0000000, 0x0000000100000000)
  region size 1024K, 12 young (12288K), 6 survivors (6144K)
 Metaspace       used 91524K, capacity 96098K, committed 96384K, reserved 337920K
  class space    used 11417K, capacity 13081K, committed 13184K, reserved 253952K
}
Event: 7646.364 GC heap after
{Heap after GC invocations=82 (full 0):
 garbage-first heap   total 262144K, used 146432K [0x00000000e0000000, 0x0000000100000000)
  region size 1024K, 2 young (2048K), 2 survivors (2048K)
 Metaspace       used 91524K, capacity 96098K, committed 96384K, reserved 337920K
  class space    used 11417K, capacity 13081K, committed 13184K, reserved 253952K
}
Event: 7712.836 GC heap before
{Heap before GC invocations=82 (full 0):
 garbage-first heap   total 262144K, used 189440K [0x00000000e0000000, 0x0000000100000000)
  region size 1024K, 45 young (46080K), 2 survivors (2048K)
 Metaspace       used 91648K, capacity 96261K, committed 96384K, reserved 337920K
  class space    used 11420K, capacity 13086K, committed 13184K, reserved 253952K
}
Event: 7712.856 GC heap after
{Heap after GC invocations=83 (full 0):
 garbage-first heap   total 262144K, used 156256K [0x00000000e0000000, 0x0000000100000000)
  region size 1024K, 6 young (6144K), 6 survivors (6144K)
 Metaspace       used 91648K, capacity 96261K, committed 96384K, reserved 337920K
  class space    used 11420K, capacity 13086K, committed 13184K, reserved 253952K
}

