# JRE version: Java(TM) SE Runtime Environment 18.9 (11.0.7+8) (build 11.0.7+8-LTS)
# Java VM: Java HotSpot(TM) 64-Bit Server VM 18.9 (11.0.7+8-LTS, mixed mode, tiered, compressed oops, g1 gc, linux-amd64)
Heap:
 garbage-first heap   total 262144K, used 170816K [0x00000000e0000000, 0x0000000100000000)
  region size 1024K, 21 young (21504K), 9 survivors (9216K)
 Metaspace       used 108142K, capacity 112526K, committed 112804K, reserved 352256K
  class space    used 13615K, capacity 15269K, committed 15308K, reserved 253952K
GC Heap History (10 events):
Event: 30.335 GC heap before
{Heap before GC invocations=28 (full 0):
 garbage-first heap   total 262144K, used 153349K [0x00000000e0000000, 0x0000000100000000)
  region size 1024K, 12 young (12288K), 10 survivors (10240K)
 Metaspace       used 102703K, capacity 106820K, committed 106916K, reserved 346112K
  class space    used 13176K, capacity 14767K, committed 14796K, reserved 253952K
}
Event: 30.349 GC heap after
{Heap after GC invocations=29 (full 0):
 garbage-first heap   total 262144K, used 147668K [0x00000000e0000000, 0x0000000100000000)
  region size 1024K, 2 young (2048K), 2 survivors (2048K)
 Metaspace       used 102703K, capacity 106820K, committed 106916K, reserved 346112K
  class space    used 13176K, capacity 14767K, committed 14796K, reserved 253952K
}
Event: 30.673 GC heap before
{Heap before GC invocations=29 (full 0):
 garbage-first heap   total 262144K, used 214228K [0x00000000e0000000, 0x0000000100000000)
  region size 1024K, 68 young (69632K), 2 survivors (2048K)
 Metaspace       used 102802K, capacity 106960K, committed 107172K, reserved 348160K
  class space    used 13179K, capacity 14768K, committed 14796K, reserved 253952K
}
Event: 30.684 GC heap after
{Heap after GC invocations=30 (full 0):
 garbage-first heap   total 262144K, used 148293K [0x00000000e0000000, 0x0000000100000000)
  region size 1024K, 3 young (3072K), 3 survivors (3072K)
 Metaspace       used 102802K, capacity 106960K, committed 107172K, reserved 348160K
  class space    used 13179K, capacity 14768K, committed 14796K, reserved 253952K
}
Event: 212.097 GC heap before
{Heap before GC invocations=31 (full 0):
 garbage-first heap   total 262144K, used 216901K [0x00000000e0000000, 0x0000000100000000)
  region size 1024K, 70 young (71680K), 3 survivors (3072K)
 Metaspace       used 107194K, capacity 111416K, committed 111652K, reserved 352256K
  class space    used 13534K, capacity 15119K, committed 15180K, reserved 253952K
}
Event: 212.564 GC heap after
{Heap after GC invocations=32 (full 0):
 garbage-first heap   total 262144K, used 151169K [0x00000000e0000000, 0x0000000100000000)
  region size 1024K, 4 young (4096K), 4 survivors (4096K)
 Metaspace       used 107194K, capacity 111416K, committed 111652K, reserved 352256K
  class space    used 13534K, capacity 15119K, committed 15180K, reserved 253952K
}
Event: 499.093 GC heap before
{Heap before GC invocations=32 (full 0):
 garbage-first heap   total 262144K, used 158337K [0x00000000e0000000, 0x0000000100000000)
  region size 1024K, 12 young (12288K), 4 survivors (4096K)
 Metaspace       used 107305K, capacity 111483K, committed 111652K, reserved 352256K
  class space    used 13534K, capacity 15119K, committed 15180K, reserved 253952K
}
Event: 499.122 GC heap after
{Heap after GC invocations=33 (full 0):
 garbage-first heap   total 262144K, used 148333K [0x00000000e0000000, 0x0000000100000000)
  region size 1024K, 1 young (1024K), 1 survivors (1024K)
 Metaspace       used 107305K, capacity 111483K, committed 111652K, reserved 352256K
  class space    used 13534K, capacity 15119K, committed 15180K, reserved 253952K
}
Event: 1177.219 GC heap before
{Heap before GC invocations=33 (full 0):
 garbage-first heap   total 262144K, used 216941K [0x00000000e0000000, 0x0000000100000000)
  region size 1024K, 69 young (70656K), 1 survivors (1024K)
 Metaspace       used 108060K, capacity 112386K, committed 112548K, reserved 352256K
  class space    used 13614K, capacity 15267K, committed 15308K, reserved 253952K
}
Event: 1177.272 GC heap after
{Heap after GC invocations=34 (full 0):
 garbage-first heap   total 262144K, used 159552K [0x00000000e0000000, 0x0000000100000000)
  region size 1024K, 9 young (9216K), 9 survivors (9216K)
 Metaspace       used 108060K, capacity 112386K, committed 112548K, reserved 352256K
  class space    used 13614K, capacity 15267K, committed 15308K, reserved 253952K
}

